Connection restored with License Server(s)  1
Connection restored with License Server(s)  1
Connection restored with License Server(s)  1

 Last    Found  - C8-5B-76-70-26-31,84-EF-18-CC-AF-BF,84-EF-18-CC-AF-C0,86-EF-18-CC-AF-BF,00-FF-D5-06-3D-A0,84-EF-18-CC-AF-C3 
 Current Found  - C8-5B-76-70-26-31,84-EF-18-CC-AF-BF,84-EF-18-CC-AF-C0,00-FF-D5-06-3D-A0,84-EF-18-CC-AF-C3 
 Last    Found  - C8-5B-76-70-26-31,84-EF-18-CC-AF-BF,84-EF-18-CC-AF-C0,86-EF-18-CC-AF-BF,00-FF-D5-06-3D-A0,84-EF-18-CC-AF-C3 
 Current Found  - C8-5B-76-70-26-31,84-EF-18-CC-AF-BF,84-EF-18-CC-AF-C0,00-FF-D5-06-3D-A0,84-EF-18-CC-AF-C3 
 Last    Found  - C8-5B-76-70-26-31,84-EF-18-CC-AF-BF,84-EF-18-CC-AF-C0,00-FF-D5-06-3D-A0,84-EF-18-CC-AF-C3 
 Current Found  - C8-5B-76-70-26-31,84-EF-18-CC-AF-BF,84-EF-18-CC-AF-C0,86-EF-18-CC-AF-BF,00-FF-D5-06-3D-A0,84-EF-18-CC-AF-C3 WdgMtb: ACCESS depth1_om@EXTRUSION is AVAILABLE (CB)
WdgMtb: ACCESS depth1_om@EXTRUSION is AVAILABLE (CB)
WdgMtb: ACCESS depth1_om@EXTRUSION is AVAILABLE (CB)
WdgMtb: ACCESS depth1_om@EXTRUSION is AVAILABLE (CB)
WdgMtb: ACCESS depth2_set_popup@extrev_feature_popup@EXTRUSION is AVAILABLE (CB)
WdgMtb: ACCESS depth1_om@EXTRUSION is AVAILABLE (CB)
WdgMtb: ACCESS depth2_set_popup@extrev_feature_popup@EXTRUSION is AVAILABLE (CB)
WdgMtb: ACCESS depth1_om@EXTRUSION is AVAILABLE (CB)
WdgMtb: ACCESS depth2_set_popup@extrev_feature_popup@EXTRUSION is AVAILABLE (CB)
WdgMtb: ACCESS depth1_om@EXTRUSION is AVAILABLE (CB)
WdgMtb: ACCESS depth1_om@EXTRUSION is AVAILABLE (CB)
WdgMtb: ACCESS depth2_set_popup@extrev_feature_popup@EXTRUSION is AVAILABLE (CB)
WdgMtb: ACCESS depth1_om@EXTRUSION is AVAILABLE (CB)
WdgMtb: ACCESS depth2_set_popup@extrev_feature_popup@EXTRUSION is AVAILABLE (CB)
WdgMtb: ACCESS depth1_om@EXTRUSION is AVAILABLE (CB)
WdgMtb: ACCESS depth2_set_popup@extrev_feature_popup@EXTRUSION is AVAILABLE (CB)
WdgMtb: ACCESS depth1_om@EXTRUSION is AVAILABLE (CB)
WdgMtb: ACCESS depth1_om@EXTRUSION is AVAILABLE (CB)
WdgMtb: ACCESS depth2_set_popup@extrev_feature_popup@EXTRUSION is AVAILABLE (CB)
WdgMtb: ACCESS depth1_om@EXTRUSION is AVAILABLE (CB)
WdgMtb: ACCESS depth2_set_popup@extrev_feature_popup@EXTRUSION is AVAILABLE (CB)
WdgMtb: ACCESS depth1_om@EXTRUSION is AVAILABLE (CB)
WdgMtb: ACCESS depth2_set_popup@extrev_feature_popup@EXTRUSION is AVAILABLE (CB)
